<?xml version="1.0" encoding="UTF-8"?>
<coverage generated="1736511359650" clover="3.2.0">
  <project timestamp="1736511359650" name="All files">
    <metrics statements="34" coveredstatements="31" conditionals="35" coveredconditionals="32" methods="7" coveredmethods="7" elements="76" coveredelements="70" complexity="0" loc="34" ncloc="34" packages="1" files="4" classes="4"/>
    <file name="calculateDiscount.js" path="C:\Users\Optimus Prime\Jest\src\functions\calculateDiscount.js">
      <metrics statements="4" coveredstatements="4" conditionals="5" coveredconditionals="5" methods="1" coveredmethods="1"/>
      <line num="2" count="9" type="cond" truecount="5" falsecount="0"/>
      <line num="3" count="3" type="stmt"/>
      <line num="5" count="6" type="stmt"/>
      <line num="8" count="1" type="stmt"/>
    </file>
    <file name="filterProducts.js" path="C:\Users\Optimus Prime\Jest\src\functions\filterProducts.js">
      <metrics statements="9" coveredstatements="9" conditionals="8" coveredconditionals="8" methods="2" coveredmethods="2"/>
      <line num="2" count="12" type="cond" truecount="4" falsecount="0"/>
      <line num="3" count="4" type="stmt"/>
      <line num="6" count="8" type="cond" truecount="2" falsecount="0"/>
      <line num="7" count="1" type="stmt"/>
      <line num="9" count="7" type="cond" truecount="2" falsecount="0"/>
      <line num="10" count="1" type="stmt"/>
      <line num="13" count="6" type="stmt"/>
      <line num="14" count="15" type="stmt"/>
      <line num="18" count="1" type="stmt"/>
    </file>
    <file name="sortProducts.js" path="C:\Users\Optimus Prime\Jest\src\functions\sortProducts.js">
      <metrics statements="16" coveredstatements="13" conditionals="20" coveredconditionals="17" methods="3" coveredmethods="3"/>
      <line num="2" count="7" type="cond" truecount="2" falsecount="0"/>
      <line num="3" count="2" type="stmt"/>
      <line num="6" count="5" type="cond" truecount="3" falsecount="1"/>
      <line num="7" count="0" type="stmt"/>
      <line num="11" count="5" type="stmt"/>
      <line num="12" count="9" type="cond" truecount="3" falsecount="1"/>
      <line num="13" count="0" type="stmt"/>
      <line num="16" count="9" type="cond" truecount="4" falsecount="0"/>
      <line num="17" count="1" type="stmt"/>
      <line num="20" count="8" type="cond" truecount="3" falsecount="1"/>
      <line num="21" count="0" type="stmt"/>
      <line num="25" count="4" type="stmt"/>
      <line num="26" count="7" type="cond" truecount="2" falsecount="0"/>
      <line num="27" count="4" type="stmt"/>
      <line num="29" count="3" type="stmt"/>
      <line num="33" count="1" type="stmt"/>
    </file>
    <file name="validateEmail.js" path="C:\Users\Optimus Prime\Jest\src\functions\validateEmail.js">
      <metrics statements="5" coveredstatements="5" conditionals="2" coveredconditionals="2" methods="1" coveredmethods="1"/>
      <line num="2" count="15" type="cond" truecount="2" falsecount="0"/>
      <line num="3" count="7" type="stmt"/>
      <line num="5" count="8" type="stmt"/>
      <line num="6" count="8" type="stmt"/>
      <line num="9" count="1" type="stmt"/>
    </file>
  </project>
</coverage>
