{"C:\\Users\\Optimus Prime\\Jest\\src\\functions\\calculateDiscount.js": {"path":"C:\\Users\\Optimus Prime\\Jest\\src\\functions\\calculateDiscount.js","statementMap":{"0":{"start":{"line":2,"column":4},"end":{"line":4,"column":5}},"1":{"start":{"line":3,"column":8},"end":{"line":3,"column":41}},"2":{"start":{"line":5,"column":4},"end":{"line":5,"column":44}},"3":{"start":{"line":8,"column":0},"end":{"line":8,"column":35}}},"fnMap":{"0":{"name":"calculateDiscount","decl":{"start":{"line":1,"column":9},"end":{"line":1,"column":26}},"loc":{"start":{"line":1,"column":44},"end":{"line":6,"column":1}},"line":1}},"branchMap":{"0":{"loc":{"start":{"line":2,"column":4},"end":{"line":4,"column":5}},"type":"if","locations":[{"start":{"line":2,"column":4},"end":{"line":4,"column":5}},{"start":{},"end":{}}],"line":2},"1":{"loc":{"start":{"line":2,"column":8},"end":{"line":2,"column":51}},"type":"binary-expr","locations":[{"start":{"line":2,"column":8},"end":{"line":2,"column":17}},{"start":{"line":2,"column":21},"end":{"line":2,"column":33}},{"start":{"line":2,"column":37},"end":{"line":2,"column":51}}],"line":2}},"s":{"0":9,"1":3,"2":6,"3":1},"f":{"0":9},"b":{"0":[3,6],"1":[9,8,7]},"_coverageSchema":"1a1c01bbd47fc00a2c39e90264f33305004495a9","hash":"5b868ec6d17bfc4d7f0821a25a492116422bbd93"}
,"C:\\Users\\Optimus Prime\\Jest\\src\\functions\\filterProducts.js": {"path":"C:\\Users\\Optimus Prime\\Jest\\src\\functions\\filterProducts.js","statementMap":{"0":{"start":{"line":2,"column":4},"end":{"line":4,"column":5}},"1":{"start":{"line":3,"column":8},"end":{"line":3,"column":41}},"2":{"start":{"line":6,"column":4},"end":{"line":8,"column":5}},"3":{"start":{"line":7,"column":8},"end":{"line":7,"column":18}},"4":{"start":{"line":9,"column":4},"end":{"line":11,"column":5}},"5":{"start":{"line":10,"column":8},"end":{"line":10,"column":24}},"6":{"start":{"line":13,"column":4},"end":{"line":15,"column":6}},"7":{"start":{"line":14,"column":8},"end":{"line":14,"column":64}},"8":{"start":{"line":18,"column":0},"end":{"line":18,"column":32}}},"fnMap":{"0":{"name":"filterProducts","decl":{"start":{"line":1,"column":9},"end":{"line":1,"column":23}},"loc":{"start":{"line":1,"column":41},"end":{"line":16,"column":1}},"line":1},"1":{"name":"(anonymous_1)","decl":{"start":{"line":13,"column":27},"end":{"line":13,"column":28}},"loc":{"start":{"line":14,"column":8},"end":{"line":14,"column":64}},"line":14}},"branchMap":{"0":{"loc":{"start":{"line":2,"column":4},"end":{"line":4,"column":5}},"type":"if","locations":[{"start":{"line":2,"column":4},"end":{"line":4,"column":5}},{"start":{},"end":{}}],"line":2},"1":{"loc":{"start":{"line":2,"column":8},"end":{"line":2,"column":61}},"type":"binary-expr","locations":[{"start":{"line":2,"column":8},"end":{"line":2,"column":32}},{"start":{"line":2,"column":36},"end":{"line":2,"column":61}}],"line":2},"2":{"loc":{"start":{"line":6,"column":4},"end":{"line":8,"column":5}},"type":"if","locations":[{"start":{"line":6,"column":4},"end":{"line":8,"column":5}},{"start":{},"end":{}}],"line":6},"3":{"loc":{"start":{"line":9,"column":4},"end":{"line":11,"column":5}},"type":"if","locations":[{"start":{"line":9,"column":4},"end":{"line":11,"column":5}},{"start":{},"end":{}}],"line":9}},"s":{"0":12,"1":4,"2":8,"3":1,"4":7,"5":1,"6":6,"7":15,"8":1},"f":{"0":12,"1":15},"b":{"0":[4,8],"1":[12,11],"2":[1,7],"3":[1,6]},"_coverageSchema":"1a1c01bbd47fc00a2c39e90264f33305004495a9","hash":"5730417f9a1a0bba2d9f7b05927456cfd18330a7"}
,"C:\\Users\\Optimus Prime\\Jest\\src\\functions\\sortProducts.js": {"path":"C:\\Users\\Optimus Prime\\Jest\\src\\functions\\sortProducts.js","statementMap":{"0":{"start":{"line":2,"column":2},"end":{"line":4,"column":3}},"1":{"start":{"line":3,"column":4},"end":{"line":3,"column":37}},"2":{"start":{"line":6,"column":2},"end":{"line":8,"column":3}},"3":{"start":{"line":7,"column":4},"end":{"line":7,"column":37}},"4":{"start":{"line":11,"column":2},"end":{"line":23,"column":5}},"5":{"start":{"line":12,"column":4},"end":{"line":14,"column":5}},"6":{"start":{"line":13,"column":6},"end":{"line":13,"column":39}},"7":{"start":{"line":16,"column":4},"end":{"line":18,"column":5}},"8":{"start":{"line":17,"column":6},"end":{"line":17,"column":39}},"9":{"start":{"line":20,"column":4},"end":{"line":22,"column":5}},"10":{"start":{"line":21,"column":6},"end":{"line":21,"column":39}},"11":{"start":{"line":25,"column":2},"end":{"line":30,"column":5}},"12":{"start":{"line":26,"column":4},"end":{"line":28,"column":5}},"13":{"start":{"line":27,"column":6},"end":{"line":27,"column":31}},"14":{"start":{"line":29,"column":4},"end":{"line":29,"column":40}},"15":{"start":{"line":33,"column":0},"end":{"line":33,"column":30}}},"fnMap":{"0":{"name":"sortProducts","decl":{"start":{"line":1,"column":9},"end":{"line":1,"column":21}},"loc":{"start":{"line":1,"column":37},"end":{"line":31,"column":1}},"line":1},"1":{"name":"(anonymous_1)","decl":{"start":{"line":11,"column":19},"end":{"line":11,"column":20}},"loc":{"start":{"line":11,"column":30},"end":{"line":23,"column":3}},"line":11},"2":{"name":"(anonymous_2)","decl":{"start":{"line":25,"column":23},"end":{"line":25,"column":24}},"loc":{"start":{"line":25,"column":33},"end":{"line":30,"column":3}},"line":25}},"branchMap":{"0":{"loc":{"start":{"line":2,"column":2},"end":{"line":4,"column":3}},"type":"if","locations":[{"start":{"line":2,"column":2},"end":{"line":4,"column":3}},{"start":{},"end":{}}],"line":2},"1":{"loc":{"start":{"line":6,"column":2},"end":{"line":8,"column":3}},"type":"if","locations":[{"start":{"line":6,"column":2},"end":{"line":8,"column":3}},{"start":{},"end":{}}],"line":6},"2":{"loc":{"start":{"line":6,"column":6},"end":{"line":6,"column":39}},"type":"binary-expr","locations":[{"start":{"line":6,"column":6},"end":{"line":6,"column":20}},{"start":{"line":6,"column":24},"end":{"line":6,"column":39}}],"line":6},"3":{"loc":{"start":{"line":12,"column":4},"end":{"line":14,"column":5}},"type":"if","locations":[{"start":{"line":12,"column":4},"end":{"line":14,"column":5}},{"start":{},"end":{}}],"line":12},"4":{"loc":{"start":{"line":12,"column":8},"end":{"line":12,"column":55}},"type":"binary-expr","locations":[{"start":{"line":12,"column":8},"end":{"line":12,"column":35}},{"start":{"line":12,"column":39},"end":{"line":12,"column":55}}],"line":12},"5":{"loc":{"start":{"line":16,"column":4},"end":{"line":18,"column":5}},"type":"if","locations":[{"start":{"line":16,"column":4},"end":{"line":18,"column":5}},{"start":{},"end":{}}],"line":16},"6":{"loc":{"start":{"line":16,"column":8},"end":{"line":16,"column":60}},"type":"binary-expr","locations":[{"start":{"line":16,"column":8},"end":{"line":16,"column":23}},{"start":{"line":16,"column":27},"end":{"line":16,"column":60}}],"line":16},"7":{"loc":{"start":{"line":20,"column":4},"end":{"line":22,"column":5}},"type":"if","locations":[{"start":{"line":20,"column":4},"end":{"line":22,"column":5}},{"start":{},"end":{}}],"line":20},"8":{"loc":{"start":{"line":20,"column":8},"end":{"line":20,"column":58}},"type":"binary-expr","locations":[{"start":{"line":20,"column":8},"end":{"line":20,"column":22}},{"start":{"line":20,"column":26},"end":{"line":20,"column":58}}],"line":20},"9":{"loc":{"start":{"line":26,"column":4},"end":{"line":28,"column":5}},"type":"if","locations":[{"start":{"line":26,"column":4},"end":{"line":28,"column":5}},{"start":{},"end":{}}],"line":26}},"s":{"0":7,"1":2,"2":5,"3":0,"4":5,"5":9,"6":0,"7":9,"8":1,"9":8,"10":0,"11":4,"12":7,"13":4,"14":3,"15":1},"f":{"0":7,"1":9,"2":7},"b":{"0":[2,5],"1":[0,5],"2":[5,3],"3":[0,9],"4":[9,9],"5":[1,8],"6":[9,5],"7":[0,8],"8":[8,4],"9":[4,3]},"_coverageSchema":"1a1c01bbd47fc00a2c39e90264f33305004495a9","hash":"db6e7a0717aa79a7d188082398142f2c8bd919f0"}
,"C:\\Users\\Optimus Prime\\Jest\\src\\functions\\validateEmail.js": {"path":"C:\\Users\\Optimus Prime\\Jest\\src\\functions\\validateEmail.js","statementMap":{"0":{"start":{"line":2,"column":2},"end":{"line":4,"column":3}},"1":{"start":{"line":3,"column":4},"end":{"line":3,"column":37}},"2":{"start":{"line":5,"column":21},"end":{"line":5,"column":49}},"3":{"start":{"line":6,"column":2},"end":{"line":6,"column":32}},"4":{"start":{"line":9,"column":0},"end":{"line":9,"column":35}}},"fnMap":{"0":{"name":"validateEmail","decl":{"start":{"line":1,"column":9},"end":{"line":1,"column":22}},"loc":{"start":{"line":1,"column":30},"end":{"line":7,"column":1}},"line":1}},"branchMap":{"0":{"loc":{"start":{"line":2,"column":2},"end":{"line":4,"column":3}},"type":"if","locations":[{"start":{"line":2,"column":2},"end":{"line":4,"column":3}},{"start":{},"end":{}}],"line":2}},"s":{"0":15,"1":7,"2":8,"3":8,"4":1},"f":{"0":15},"b":{"0":[7,8]},"_coverageSchema":"1a1c01bbd47fc00a2c39e90264f33305004495a9","hash":"50b522acc34b5679f801cc069379cab15b0ef90f"}
}
