TN:
SF:src\functions\calculateDiscount.js
FN:1,calculateDiscount
FNF:1
FNH:1
FNDA:9,calculateDiscount
DA:2,9
DA:3,3
DA:5,6
DA:8,1
LF:4
LH:4
BRDA:2,0,0,3
BRDA:2,0,1,6
BRDA:2,1,0,9
BRDA:2,1,1,8
BRDA:2,1,2,7
BRF:5
BRH:5
end_of_record
TN:
SF:src\functions\filterProducts.js
FN:1,filterProducts
FN:13,(anonymous_1)
FNF:2
FNH:2
FNDA:12,filterProducts
FNDA:15,(anonymous_1)
DA:2,12
DA:3,4
DA:6,8
DA:7,1
DA:9,7
DA:10,1
DA:13,6
DA:14,15
DA:18,1
LF:9
LH:9
BRDA:2,0,0,4
BRDA:2,0,1,8
BRDA:2,1,0,12
BRDA:2,1,1,11
BRDA:6,2,0,1
BRDA:6,2,1,7
BRDA:9,3,0,1
BRDA:9,3,1,6
BRF:8
BRH:8
end_of_record
TN:
SF:src\functions\sortProducts.js
FN:1,sortProducts
FN:11,(anonymous_1)
FN:25,(anonymous_2)
FNF:3
FNH:3
FNDA:7,sortProducts
FNDA:9,(anonymous_1)
FNDA:7,(anonymous_2)
DA:2,7
DA:3,2
DA:6,5
DA:7,0
DA:11,5
DA:12,9
DA:13,0
DA:16,9
DA:17,1
DA:20,8
DA:21,0
DA:25,4
DA:26,7
DA:27,4
DA:29,3
DA:33,1
LF:16
LH:13
BRDA:2,0,0,2
BRDA:2,0,1,5
BRDA:6,1,0,0
BRDA:6,1,1,5
BRDA:6,2,0,5
BRDA:6,2,1,3
BRDA:12,3,0,0
BRDA:12,3,1,9
BRDA:12,4,0,9
BRDA:12,4,1,9
BRDA:16,5,0,1
BRDA:16,5,1,8
BRDA:16,6,0,9
BRDA:16,6,1,5
BRDA:20,7,0,0
BRDA:20,7,1,8
BRDA:20,8,0,8
BRDA:20,8,1,4
BRDA:26,9,0,4
BRDA:26,9,1,3
BRF:20
BRH:17
end_of_record
TN:
SF:src\functions\validateEmail.js
FN:1,validateEmail
FNF:1
FNH:1
FNDA:15,validateEmail
DA:2,15
DA:3,7
DA:5,8
DA:6,8
DA:9,1
LF:5
LH:5
BRDA:2,0,0,7
BRDA:2,0,1,8
BRF:2
BRH:2
end_of_record
